c:\users\hanuman\desktop\new\localisation_in_wsn_v12.1\workspace_localization_wsn\src\simulation\zigbee\x64\debug\vc142.pdb
c:\users\hanuman\desktop\new\localisation_in_wsn_v12.1\workspace_localization_wsn\src\simulation\zigbee\x64\debug\vc142.idb
c:\users\hanuman\desktop\new\localisation_in_wsn_v12.1\workspace_localization_wsn\src\simulation\zigbee\x64\debug\unslottedcsmaca.obj
c:\users\hanuman\desktop\new\localisation_in_wsn_v12.1\workspace_localization_wsn\src\simulation\zigbee\x64\debug\superframe.obj
c:\users\hanuman\desktop\new\localisation_in_wsn_v12.1\workspace_localization_wsn\src\simulation\zigbee\x64\debug\slottedcsmaca.obj
c:\users\hanuman\desktop\new\localisation_in_wsn_v12.1\workspace_localization_wsn\src\simulation\zigbee\x64\debug\sinrcalculation.obj
c:\users\hanuman\desktop\new\localisation_in_wsn_v12.1\workspace_localization_wsn\src\simulation\zigbee\x64\debug\locatebackoffboundary.obj
c:\users\hanuman\desktop\new\localisation_in_wsn_v12.1\workspace_localization_wsn\src\simulation\zigbee\x64\debug\localisation.obj
c:\users\hanuman\desktop\new\localisation_in_wsn_v12.1\workspace_localization_wsn\src\simulation\zigbee\x64\debug\changeradiostate.obj
c:\users\hanuman\desktop\new\localisation_in_wsn_v12.1\workspace_localization_wsn\src\simulation\zigbee\x64\debug\cca.obj
c:\users\hanuman\desktop\new\localisation_in_wsn_v12.1\workspace_localization_wsn\src\simulation\zigbee\x64\debug\bercalculation.obj
c:\users\hanuman\desktop\new\localisation_in_wsn_v12.1\workspace_localization_wsn\src\simulation\zigbee\x64\debug\backoffcalculation.obj
c:\users\hanuman\desktop\new\localisation_in_wsn_v12.1\workspace_localization_wsn\src\simulation\zigbee\x64\debug\802_15_4.obj
c:\users\hanuman\desktop\new\localisation_in_wsn_v12.1\workspace_localization_wsn\bin\bin_x64\libzigbee.dll
c:\users\hanuman\desktop\new\localisation_in_wsn_v12.1\workspace_localization_wsn\bin\bin_x64\zigbee.pdb
c:\users\hanuman\desktop\new\localisation_in_wsn_v12.1\workspace_localization_wsn\bin\bin_x64\zigbee.lib
c:\users\hanuman\desktop\new\localisation_in_wsn_v12.1\workspace_localization_wsn\bin\bin_x64\zigbee.exp
c:\users\hanuman\desktop\new\localisation_in_wsn_v12.1\workspace_localization_wsn\src\simulation\zigbee\x64\debug\zigbee.tlog\cl.command.1.tlog
c:\users\hanuman\desktop\new\localisation_in_wsn_v12.1\workspace_localization_wsn\src\simulation\zigbee\x64\debug\zigbee.tlog\cl.read.1.tlog
c:\users\hanuman\desktop\new\localisation_in_wsn_v12.1\workspace_localization_wsn\src\simulation\zigbee\x64\debug\zigbee.tlog\cl.write.1.tlog
c:\users\hanuman\desktop\new\localisation_in_wsn_v12.1\workspace_localization_wsn\src\simulation\zigbee\x64\debug\zigbee.tlog\link.command.1.tlog
c:\users\hanuman\desktop\new\localisation_in_wsn_v12.1\workspace_localization_wsn\src\simulation\zigbee\x64\debug\zigbee.tlog\link.read.1.tlog
c:\users\hanuman\desktop\new\localisation_in_wsn_v12.1\workspace_localization_wsn\src\simulation\zigbee\x64\debug\zigbee.tlog\link.write.1.tlog
c:\users\hanuman\desktop\new\localisation_in_wsn_v12.1\workspace_localization_wsn\src\simulation\zigbee\x64\debug\zigbee.tlog\zigbee.write.1u.tlog
