C:\Program Files (x86)\Microsoft Visual Studio\2019\Community\MSBuild\Microsoft\VC\v160\Microsoft.CppBuild.targets(438,5): warning MSB8004: Output Directory does not end with a trailing slash.  This build instance will add the slash as it is required to allow proper evaluation of the Output Directory.
  Building.c
  FileBasedMobility.c
  Geometry.c
  GroupMobility.c
  Mobility.c
  NodeJoin.c
  Sumo_interface.c
  Generating Code...
D:\New\Localisation_in_WSN_v12.1\WorkSpace_Localization_WSN\src\Simulation\ZigBee\802_15_4.h(316,2): warning C4995:  'PROPAGATION_HANDLE': name was marked as #pragma deprecated
C:\Program Files (x86)\Microsoft Visual Studio\2019\Community\MSBuild\Microsoft\VC\v160\Microsoft.CppBuild.targets(1264,5): warning MSB8012: TargetPath(D:\New\Localisation_in_WSN_v12.1\WorkSpace_Localization_WSN\src\Simulation\Mobility\..\..\..\bin\bin_x86\Mobility.dll) does not match the Linker's OutputFile property value (D:\New\Localisation_in_WSN_v12.1\WorkSpace_Localization_WSN\bin\bin_x86\libMobility.dll). This may cause your project to build incorrectly. To correct this, please make sure that $(OutDir), $(TargetName) and $(TargetExt) property values match the value specified in %(Link.OutputFile).
C:\Program Files (x86)\Microsoft Visual Studio\2019\Community\MSBuild\Microsoft\VC\v160\Microsoft.CppBuild.targets(1266,5): warning MSB8012: TargetName(Mobility) does not match the Linker's OutputFile property value (libMobility). This may cause your project to build incorrectly. To correct this, please make sure that $(OutDir), $(TargetName) and $(TargetExt) property values match the value specified in %(Link.OutputFile).
Building.obj : warning LNK4075: ignoring '/EDITANDCONTINUE' due to '/INCREMENTAL:NO' specification
  list.lib(List.obj) : MSIL .netmodule or module compiled with /GL found; restarting link with /LTCG; add /LTCG to the link command line to improve linker performance
Building.obj : warning LNK4075: ignoring '/EDITANDCONTINUE' due to '/INCREMENTAL:NO' specification
     Creating library ..\..\..\bin\bin_x86\Mobility.lib and object ..\..\..\bin\bin_x86\Mobility.exp
LINK : warning LNK4098: defaultlib 'MSVCRT' conflicts with use of other libs; use /NODEFAULTLIB:library
  Generating code
  Finished generating code
list.lib(List.obj) : warning LNK4099: PDB 'List.pdb' was not found with 'list.lib(List.obj)' or at 'D:\New\Localisation_in_WSN_v12.1\WorkSpace_Localization_WSN\bin\bin_x86\List.pdb'; linking object as if no debug info
  Mobility.vcxproj -> D:\New\Localisation_in_WSN_v12.1\WorkSpace_Localization_WSN\src\Simulation\Mobility\..\..\..\bin\bin_x86\Mobility.dll
