c:\users\hanuman\desktop\new\localisation_in_wsn_v12.1\workspace_localization_wsn\src\simulation\mobility\debug\vc142.pdb
c:\users\hanuman\desktop\new\localisation_in_wsn_v12.1\workspace_localization_wsn\src\simulation\mobility\debug\vc142.idb
c:\users\hanuman\desktop\new\localisation_in_wsn_v12.1\workspace_localization_wsn\src\simulation\mobility\debug\sumo_interface.obj
c:\users\hanuman\desktop\new\localisation_in_wsn_v12.1\workspace_localization_wsn\src\simulation\mobility\debug\nodejoin.obj
c:\users\hanuman\desktop\new\localisation_in_wsn_v12.1\workspace_localization_wsn\src\simulation\mobility\debug\mobility.obj
c:\users\hanuman\desktop\new\localisation_in_wsn_v12.1\workspace_localization_wsn\src\simulation\mobility\debug\groupmobility.obj
c:\users\hanuman\desktop\new\localisation_in_wsn_v12.1\workspace_localization_wsn\src\simulation\mobility\debug\geometry.obj
c:\users\hanuman\desktop\new\localisation_in_wsn_v12.1\workspace_localization_wsn\src\simulation\mobility\debug\filebasedmobility.obj
c:\users\hanuman\desktop\new\localisation_in_wsn_v12.1\workspace_localization_wsn\src\simulation\mobility\debug\building.obj
c:\users\hanuman\desktop\new\localisation_in_wsn_v12.1\workspace_localization_wsn\bin\bin_x86\libmobility.dll
c:\users\hanuman\desktop\new\localisation_in_wsn_v12.1\workspace_localization_wsn\bin\bin_x86\mobility.pdb
c:\users\hanuman\desktop\new\localisation_in_wsn_v12.1\workspace_localization_wsn\bin\bin_x86\mobility.lib
c:\users\hanuman\desktop\new\localisation_in_wsn_v12.1\workspace_localization_wsn\bin\bin_x86\mobility.exp
d:\new\localisation_in_wsn_v12.1\workspace_localization_wsn\src\simulation\mobility\debug\building.obj
d:\new\localisation_in_wsn_v12.1\workspace_localization_wsn\src\simulation\mobility\debug\filebasedmobility.obj
d:\new\localisation_in_wsn_v12.1\workspace_localization_wsn\src\simulation\mobility\debug\geometry.obj
d:\new\localisation_in_wsn_v12.1\workspace_localization_wsn\src\simulation\mobility\debug\groupmobility.obj
d:\new\localisation_in_wsn_v12.1\workspace_localization_wsn\src\simulation\mobility\debug\mobility.obj
d:\new\localisation_in_wsn_v12.1\workspace_localization_wsn\src\simulation\mobility\debug\nodejoin.obj
d:\new\localisation_in_wsn_v12.1\workspace_localization_wsn\src\simulation\mobility\debug\sumo_interface.obj
d:\new\localisation_in_wsn_v12.1\workspace_localization_wsn\src\simulation\mobility\debug\vc142.idb
d:\new\localisation_in_wsn_v12.1\workspace_localization_wsn\src\simulation\mobility\debug\vc142.pdb
d:\new\localisation_in_wsn_v12.1\workspace_localization_wsn\src\simulation\mobility\debug\mobility.tlog\cl.command.1.tlog
d:\new\localisation_in_wsn_v12.1\workspace_localization_wsn\src\simulation\mobility\debug\mobility.tlog\cl.read.1.tlog
d:\new\localisation_in_wsn_v12.1\workspace_localization_wsn\src\simulation\mobility\debug\mobility.tlog\cl.write.1.tlog
d:\new\localisation_in_wsn_v12.1\workspace_localization_wsn\src\simulation\mobility\debug\mobility.tlog\link.command.1.tlog
d:\new\localisation_in_wsn_v12.1\workspace_localization_wsn\src\simulation\mobility\debug\mobility.tlog\link.read.1.tlog
d:\new\localisation_in_wsn_v12.1\workspace_localization_wsn\src\simulation\mobility\debug\mobility.tlog\link.write.1.tlog
d:\new\localisation_in_wsn_v12.1\workspace_localization_wsn\src\simulation\mobility\debug\mobility.tlog\mobility.write.1u.tlog
