c:\users\hanuman\desktop\new\localisation_in_wsn_v12.1\workspace_localization_wsn\src\simulation\zigbee\debug\vc142.pdb
c:\users\hanuman\desktop\new\localisation_in_wsn_v12.1\workspace_localization_wsn\src\simulation\zigbee\debug\vc142.idb
c:\users\hanuman\desktop\new\localisation_in_wsn_v12.1\workspace_localization_wsn\src\simulation\zigbee\debug\unslottedcsmaca.obj
c:\users\hanuman\desktop\new\localisation_in_wsn_v12.1\workspace_localization_wsn\src\simulation\zigbee\debug\superframe.obj
c:\users\hanuman\desktop\new\localisation_in_wsn_v12.1\workspace_localization_wsn\src\simulation\zigbee\debug\slottedcsmaca.obj
c:\users\hanuman\desktop\new\localisation_in_wsn_v12.1\workspace_localization_wsn\src\simulation\zigbee\debug\sinrcalculation.obj
c:\users\hanuman\desktop\new\localisation_in_wsn_v12.1\workspace_localization_wsn\src\simulation\zigbee\debug\locatebackoffboundary.obj
c:\users\hanuman\desktop\new\localisation_in_wsn_v12.1\workspace_localization_wsn\src\simulation\zigbee\debug\localisation.obj
c:\users\hanuman\desktop\new\localisation_in_wsn_v12.1\workspace_localization_wsn\src\simulation\zigbee\debug\changeradiostate.obj
c:\users\hanuman\desktop\new\localisation_in_wsn_v12.1\workspace_localization_wsn\src\simulation\zigbee\debug\cca.obj
c:\users\hanuman\desktop\new\localisation_in_wsn_v12.1\workspace_localization_wsn\src\simulation\zigbee\debug\bercalculation.obj
c:\users\hanuman\desktop\new\localisation_in_wsn_v12.1\workspace_localization_wsn\src\simulation\zigbee\debug\backoffcalculation.obj
c:\users\hanuman\desktop\new\localisation_in_wsn_v12.1\workspace_localization_wsn\src\simulation\zigbee\debug\802_15_4.obj
c:\users\hanuman\desktop\new\localisation_in_wsn_v12.1\workspace_localization_wsn\bin\bin_x86\libzigbee.dll
c:\users\hanuman\desktop\new\localisation_in_wsn_v12.1\workspace_localization_wsn\bin\bin_x86\zigbee.pdb
c:\users\hanuman\desktop\new\localisation_in_wsn_v12.1\workspace_localization_wsn\bin\bin_x86\zigbee.lib
c:\users\hanuman\desktop\new\localisation_in_wsn_v12.1\workspace_localization_wsn\bin\bin_x86\zigbee.exp
d:\new\localisation_in_wsn_v12.1\workspace_localization_wsn\src\simulation\zigbee\debug\802_15_4.obj
d:\new\localisation_in_wsn_v12.1\workspace_localization_wsn\src\simulation\zigbee\debug\backoffcalculation.obj
d:\new\localisation_in_wsn_v12.1\workspace_localization_wsn\src\simulation\zigbee\debug\bercalculation.obj
d:\new\localisation_in_wsn_v12.1\workspace_localization_wsn\src\simulation\zigbee\debug\cca.obj
d:\new\localisation_in_wsn_v12.1\workspace_localization_wsn\src\simulation\zigbee\debug\changeradiostate.obj
d:\new\localisation_in_wsn_v12.1\workspace_localization_wsn\src\simulation\zigbee\debug\localisation.obj
d:\new\localisation_in_wsn_v12.1\workspace_localization_wsn\src\simulation\zigbee\debug\locatebackoffboundary.obj
d:\new\localisation_in_wsn_v12.1\workspace_localization_wsn\src\simulation\zigbee\debug\sinrcalculation.obj
d:\new\localisation_in_wsn_v12.1\workspace_localization_wsn\src\simulation\zigbee\debug\slottedcsmaca.obj
d:\new\localisation_in_wsn_v12.1\workspace_localization_wsn\src\simulation\zigbee\debug\superframe.obj
d:\new\localisation_in_wsn_v12.1\workspace_localization_wsn\src\simulation\zigbee\debug\unslottedcsmaca.obj
d:\new\localisation_in_wsn_v12.1\workspace_localization_wsn\src\simulation\zigbee\debug\vc142.idb
d:\new\localisation_in_wsn_v12.1\workspace_localization_wsn\src\simulation\zigbee\debug\vc142.pdb
d:\new\localisation_in_wsn_v12.1\workspace_localization_wsn\src\simulation\zigbee\debug\zigbee.tlog\cl.command.1.tlog
d:\new\localisation_in_wsn_v12.1\workspace_localization_wsn\src\simulation\zigbee\debug\zigbee.tlog\cl.read.1.tlog
d:\new\localisation_in_wsn_v12.1\workspace_localization_wsn\src\simulation\zigbee\debug\zigbee.tlog\cl.write.1.tlog
d:\new\localisation_in_wsn_v12.1\workspace_localization_wsn\src\simulation\zigbee\debug\zigbee.tlog\link.command.1.tlog
d:\new\localisation_in_wsn_v12.1\workspace_localization_wsn\src\simulation\zigbee\debug\zigbee.tlog\link.read.1.tlog
d:\new\localisation_in_wsn_v12.1\workspace_localization_wsn\src\simulation\zigbee\debug\zigbee.tlog\link.write.1.tlog
d:\new\localisation_in_wsn_v12.1\workspace_localization_wsn\src\simulation\zigbee\debug\zigbee.tlog\zigbee.write.1u.tlog
