c:\users\hanuman\desktop\new\localisation_in_wsn_v12.1\workspace_localization_wsn\src\simulation\mobility\x64\debug\vc142.pdb
c:\users\hanuman\desktop\new\localisation_in_wsn_v12.1\workspace_localization_wsn\src\simulation\mobility\x64\debug\vc142.idb
c:\users\hanuman\desktop\new\localisation_in_wsn_v12.1\workspace_localization_wsn\src\simulation\mobility\x64\debug\sumo_interface.obj
c:\users\hanuman\desktop\new\localisation_in_wsn_v12.1\workspace_localization_wsn\src\simulation\mobility\x64\debug\nodejoin.obj
c:\users\hanuman\desktop\new\localisation_in_wsn_v12.1\workspace_localization_wsn\src\simulation\mobility\x64\debug\mobility.obj
c:\users\hanuman\desktop\new\localisation_in_wsn_v12.1\workspace_localization_wsn\src\simulation\mobility\x64\debug\groupmobility.obj
c:\users\hanuman\desktop\new\localisation_in_wsn_v12.1\workspace_localization_wsn\src\simulation\mobility\x64\debug\geometry.obj
c:\users\hanuman\desktop\new\localisation_in_wsn_v12.1\workspace_localization_wsn\src\simulation\mobility\x64\debug\filebasedmobility.obj
c:\users\hanuman\desktop\new\localisation_in_wsn_v12.1\workspace_localization_wsn\src\simulation\mobility\x64\debug\building.obj
c:\users\hanuman\desktop\new\localisation_in_wsn_v12.1\workspace_localization_wsn\bin\bin_x64\libmobility.dll
c:\users\hanuman\desktop\new\localisation_in_wsn_v12.1\workspace_localization_wsn\bin\bin_x64\mobility.pdb
c:\users\hanuman\desktop\new\localisation_in_wsn_v12.1\workspace_localization_wsn\bin\bin_x64\mobility.lib
c:\users\hanuman\desktop\new\localisation_in_wsn_v12.1\workspace_localization_wsn\bin\bin_x64\mobility.exp
c:\users\hanuman\desktop\new\localisation_in_wsn_v12.1\workspace_localization_wsn\src\simulation\mobility\x64\debug\mobility.tlog\cl.command.1.tlog
c:\users\hanuman\desktop\new\localisation_in_wsn_v12.1\workspace_localization_wsn\src\simulation\mobility\x64\debug\mobility.tlog\cl.read.1.tlog
c:\users\hanuman\desktop\new\localisation_in_wsn_v12.1\workspace_localization_wsn\src\simulation\mobility\x64\debug\mobility.tlog\cl.write.1.tlog
c:\users\hanuman\desktop\new\localisation_in_wsn_v12.1\workspace_localization_wsn\src\simulation\mobility\x64\debug\mobility.tlog\link.command.1.tlog
c:\users\hanuman\desktop\new\localisation_in_wsn_v12.1\workspace_localization_wsn\src\simulation\mobility\x64\debug\mobility.tlog\link.read.1.tlog
c:\users\hanuman\desktop\new\localisation_in_wsn_v12.1\workspace_localization_wsn\src\simulation\mobility\x64\debug\mobility.tlog\link.write.1.tlog
c:\users\hanuman\desktop\new\localisation_in_wsn_v12.1\workspace_localization_wsn\src\simulation\mobility\x64\debug\mobility.tlog\mobility.write.1u.tlog
